<?xml version="1.0" encoding="UTF-8"?>
<!-- Generated by org.testng.reporters.JUnitXMLReporter -->
<testsuite ignored="0" hostname="C_Name" failures="0" tests="4" name="Test" time="0.186" errors="0" timestamp="2024-05-17T15:53:05 IST">
  <testcase classname="pac1.ContactTest" name="createContactTest" time="0.019"/>
  <testcase classname="pac1.ContactTest" name="modifyContactTest" time="0.002"/>
  <testcase classname="pac2.OrgTest" name="createOrgTest" time="0.002"/>
  <testcase classname="pac2.OrgTest" name="modifyOrgTest" time="0.002"/>
</testsuite> <!-- Test -->
